Z80 Macro Assembler ZMA v1.0.15
=====================================================
Programmed by t.hara

<< code >>
[	ORG 0X100]
	code address: 0x000100

[	LD HL , ALTBIOS_BOOT_LOGO_START] Z80:11cyc, R800:3cyc
000100: 21 4e 01

[	LD DE , 0X7800] Z80:11cyc, R800:3cyc
000103: 11 00 78

[	LD BC , ALTBIOS_BOOT_LOGO_END - ALTBIOS_BOOT_LOGO_START] Z80:11cyc, R800:3cyc
000106: 01 00 08

[	LDIR] Z80:23cyc(BC!=0), 18cyc(BC=0), R800:?cyc(BC!=0), 7cyc(BC=0)
000109: ed b0

[	LD A , [ MAIN_ROM_SLOT ]] Z80:14cyc, R800:6cyc
00010b: 3a c1 fc

[	LD HL , VERSION_ID] Z80:11cyc, R800:3cyc
00010e: 21 2d 00

[	CALL RDSLT] Z80:18cyc, R800:5cyc
000111: cd 0c 00

[	CP A , 3] Z80:8cyc, R800:2cyc
000114: fe 03

[	JR C , SKIP_FOR_MSX2_2P] Z80:13cyc(cond=true), 8cyc(cond=false), R800:3cyc(cond=true), 2cyc(cond=false)
000116: 38 30

[	LD IX , GETCPU] Z80:16cyc, R800:4cyc
000118: dd 21 83 01

[	LD IY , [ MAIN_ROM_SLOT - 1 ]] Z80:22cyc, R800:8cyc
00011c: fd 2a c0 fc

[	CALL CALSLT] Z80:18cyc, R800:5cyc
000120: cd 1c 00

[	LD [ _CHGCPU + 1 ] , A] Z80:14cyc, R800:6cyc
000123: 32 3f 01

[	LD IX , CHGCPU] Z80:16cyc, R800:4cyc
000126: dd 21 80 01

[	LD IY , [ MAIN_ROM_SLOT - 1 ]] Z80:22cyc, R800:8cyc
00012a: fd 2a c0 fc

[	LD A , 0X80] Z80:8cyc, R800:2cyc
00012e: 3e 80

[	CALL CALSLT] Z80:18cyc, R800:5cyc
000130: cd 1c 00

[	CALL 0X7800] Z80:18cyc, R800:5cyc
000133: cd 00 78

[	LD IX , CHGCPU] Z80:16cyc, R800:4cyc
000136: dd 21 80 01

[	LD IY , [ MAIN_ROM_SLOT - 1 ]] Z80:22cyc, R800:8cyc
00013a: fd 2a c0 fc

[_CHGCPU :]
	label address: 0x00013e

[	LD A , 3] Z80:8cyc, R800:2cyc
00013e: 3e 03

[	OR A , 0X80] Z80:8cyc, R800:2cyc
000140: f6 80

[	CALL CALSLT] Z80:18cyc, R800:5cyc
000142: cd 1c 00

[	JP EXIT_PROGRAM] Z80:11cyc, R800:5cyc
000145: c3 4b 01

[SKIP_FOR_MSX2_2P ::]
	global label address: 0x000148

[	CALL 0X7800] Z80:18cyc, R800:5cyc
000148: cd 00 78

[EXIT_PROGRAM ::]
	global label address: 0x00014b

[	JP EXIT_PROGRAM] Z80:11cyc, R800:5cyc
00014b: c3 4b 01

[ALTBIOS_BOOT_LOGO_START ::]
	global label address: 0x00014e

[	BINARY_LINK "altbios_boot_logo.bin"]
00014e: f3 cd c2 79 81 23 80 08
000156: 88 28 89 00 82 3f 85 ef
00015e: 8b 00 86 0f 87 55 8f 02
000166: 90 00 99 03 9a 20 9b 01
00016e: a4 00 a5 00 a6 00 a7 00
000176: a8 00 a9 02 aa 00 ab 02
00017e: ac 55 ad 00 ae c0 00 db
000186: 99 0f 38 fb 3e 0d d3 b4
00018e: db b5 e6 0c f6 02 d3 b5
000196: 3e 0b d3 b4 db b5 e6 03
00019e: 87 87 26 7a c6 48 6f 01
0001a6: 9a 04 ed b3 2e 58 06 04
0001ae: ed b3 e5 21 00 74 01 00
0001b6: 02 1e 05 cd d4 79 26 78
0001be: 01 30 01 1e ff cd d4 79
0001c6: 2e 30 01 10 01 1e f0 cd
0001ce: d4 79 21 00 76 cd e0 79
0001d6: e1 01 98 28 cd c0 79 99
0001de: 03 82 3f ae a0 91 24 00
0001e6: 01 9b 0b cd c0 79 91 ac
0001ee: 00 5f 7e 23 1f 38 2d 1f
0001f6: 57 08 7a b7 20 02 3e 3f
0001fe: 47 cd ee 78 ed 59 10 f9
000206: 7a b7 20 09 56 23 42 04
00020e: 10 ef 05 18 ec 08 30 07
000216: cd ee 78 3e 02 ed 79 7b
00021e: ee 03 18 cd 06 03 57 7a
000226: e6 03 5f cb 3a cb 3a cd
00022e: ee 78 ed 59 10 f1 7a 82
000236: 82 18 b6 e6 40 c0 db 99
00023e: 0f 38 f8 d1 cd 89 79 ff
000246: 00 20 01 db 99 e6 40 28
00024e: fa db 99 e6 40 20 fa cd
000256: c2 79 8f 00 81 63 00 01
00025e: 9b 15 c5 06 50 21 77 f9
000266: 56 23 5e 23 23 23 3e 1a
00026e: d3 99 3e 91 d3 99 db 99
000276: db 99 e6 20 ca 28 79 ed
00027e: 51 ed 59 10 e3 3e 1a d3
000286: 99 3e 91 d3 99 ed 41 ed
00028e: 41 dd 21 75 f9 fd 21 f8
000296: 79 50 06 28 dd 6e 00 dd
00029e: 66 01 fd 5e 00 ed 52 30
0002a6: 02 6a 62 cd 9a 79 dd 6e
0002ae: 00 dd 66 01 fd 5e 00 19
0002b6: 7c fe 02 38 03 21 00 02
0002be: cd 9a 79 10 d7 c1 10 9a
0002c6: cd c2 79 99 00 82 1f 00
0002ce: cd 89 79 00 00 00 00 fb
0002d6: c9 e1 11 75 f9 d5 01 04
0002de: 00 ed b0 e3 01 3c 01 ed
0002e6: b0 c9 dd 75 00 dd 74 01
0002ee: 2b 7d cb 0c 1f 1f 1f 3c
0002f6: e6 3f dd 77 02 3e 07 95
0002fe: e6 07 dd 77 03 dd 23 dd
000306: 23 dd 23 dd 23 fd 23 c9
00030e: ed b3 e3 18 08 5f 7e 23
000316: d3 99 7b d3 99 7e 23 b7
00031e: 20 f3 e3 c9 cd e0 79 7b
000326: d3 98 0d 20 fb 10 f9 c9
00032e: 7c e6 3f f6 40 08 7c 07
000336: 07 e6 03 d3 99 3e 8e d3
00033e: 99 7d d3 99 08 d3 99 c9
000346: 13 0d 15 12 14 0e 10 17
00034e: 13 11 15 11 0e 0d 11 15
000356: 0c 11 13 11 15 15 12 0c
00035e: 0f 10 0e 0e 15 0d 0f 11
000366: 11 11 17 14 0d 0d 0c 0c
00036e: 0d 10 15 12 17 10 0e 17
000376: 11 0c 12 13 17 0e 16 14
00037e: 14 0e 14 15 0e 0e 13 0f
000386: 11 13 13 0f 17 15 0d 15
00038e: 0f 17 0c 0d 16 0c 11 0e
000396: 00 00 07 00 27 02 20 04
00039e: 56 00 72 02 70 00 70 05
0003a6: 44 04 77 07 1f e8 00 00
0003ae: 1f e8 00 00 3f e8 00 00
0003b6: 3f e8 00 00 4f e8 00 00
0003be: 4f e8 00 00 1f 00 04 00
0003c6: 3f 00 04 00 4f 00 04 00
0003ce: d8 00 00 00 2d 00 20 00
0003d6: a6 01 50 00 00 00 b0 00
0003de: 00 00 94 00 3a 00 ee 00
0003e6: 3a 00 ee 00 3a 00 ee 00
0003ee: 3a 00 ee 00 3a 00 ee 00
0003f6: 3a 00 ee 00 3a 98 40 90
0003fe: 44 a4 00 0e c0 4c 24 00
000406: 3a 94 48 8c 44 94 00 13
00040e: b8 4c 28 00 3a 94 48 88
000416: 48 84 00 18 b0 4c 2c 00
00041e: 3a 94 4c 84 4c 78 02 1b
000426: a4 4c 30 7c 34 1f 01 28
00042e: 1f 01 24 1f 01 28 78 90
000436: 50 80 50 70 02 1e 9c 4c
00043e: 34 7c 34 1f 01 28 1f 01
000446: 24 1f 01 28 78 90 54 7c
00044e: 50 6c 00 21 94 4c 38 7c
000456: 34 1f 01 28 1f 01 24 1f
00045e: 01 28 78 8c 58 78 58 60
000466: 00 24 8c 4c 3c 7c 34 1f
00046e: 01 28 1f 01 24 1f 01 28
000476: 78 8c 58 78 58 5c 00 26
00047e: 84 4c 40 7c 34 1f 01 28
000486: 1f 01 24 1f 01 28 78 88
00048e: 60 70 5c 58 00 28 7c 4c
000496: 44 7c 34 1f 01 28 1f 01
00049e: 24 1f 01 28 78 88 60 70
0004a6: 60 50 00 2a 74 4c 48 7c
0004ae: 34 1f 01 28 1f 01 24 1f
0004b6: 01 28 78 88 64 68 64 4c
0004be: 00 2c 6a 4c 4c 7c 34 1f
0004c6: 01 28 1f 01 24 1f 01 28
0004ce: 78 84 68 68 68 44 00 2e
0004d6: 62 4c 50 7c 34 1f 01 28
0004de: 1f 01 24 1f 01 28 78 84
0004e6: 6c 64 68 40 00 30 58 50
0004ee: 54 00 3a 84 6c 60 70 3c
0004f6: 54 00 09 4c 50 50 58 40
0004fe: 34 1f 01 24 84 38 1f 01
000506: 24 3c 80 70 60 70 38 50
00050e: 00 0c 4c 48 50 5c 40 34
000516: 1f 01 24 84 38 1f 01 24
00051e: 3c 80 74 58 74 38 4c 00
000526: 0e 4c 40 50 60 40 34 1f
00052e: 01 24 84 38 1f 01 24 3c
000536: 7c 78 58 78 34 48 00 10
00053e: 4c 38 50 64 40 34 1f 01
000546: 24 84 38 1f 01 24 3c 7c
00054e: 78 54 7c 34 44 00 12 4c
000556: 30 4e 68 40 34 1f 01 24
00055e: 84 38 1f 01 24 3c 78 80
000566: 50 80 30 44 00 13 4c 28
00056e: 4e 6c 40 34 1f 01 24 84
000576: 38 1f 01 24 3c 78 80 4c
00057e: 84 30 44 00 14 4c 20 4c
000586: 74 40 34 1f 01 24 84 38
00058e: 1f 01 24 3c 78 84 48 84
000596: 30 44 00 15 4c 18 4c 78
00059e: 40 34 1f 01 24 84 38 1f
0005a6: 01 24 3c 74 88 48 88 2c
0005ae: 44 00 16 4c 10 4c 7c 40
0005b6: 34 1f 01 24 84 38 1f 01
0005be: 24 3c 74 88 44 8c 2c 48
0005c6: 00 16 4c e1 ff 3c 80 00
0005ce: 3a 70 90 40 8c 2c 4c 02
0005d6: 16 94 84 f8 34 1f 01 28
0005de: 78 70 44 e1 ff 34 3c 48
0005e6: e1 ff 34 2c 4c 02 16 8c
0005ee: 88 f8 34 1f 01 28 78 6c
0005f6: 44 10 44 38 44 81 ff 38
0005fe: 2c 54 00 16 84 8c f8 34
000606: 1f 01 28 78 6c 44 10 44
00060e: 34 48 10 44 2c f0 b8 7c
000616: 90 f8 34 1f 01 28 78 68
00061e: 44 14 48 30 44 14 44 30
000626: fc ac 74 94 f8 34 1f 01
00062e: 28 78 68 44 18 44 30 44
000636: 18 44 30 00 02 a4 6c 98
00063e: f8 34 1f 01 28 78 64 48
000646: 18 44 2c 48 18 44 34 00
00064e: 03 a0 64 9c f8 34 1f 01
000656: 28 78 64 44 1c 48 28 44
00065e: 20 40 38 00 04 9c 5c a0
000666: f8 34 1f 01 28 78 64 44
00066e: 20 44 24 48 20 44 38 00
000676: 05 98 50 a8 f8 34 1f 01
00067e: 28 78 60 44 24 48 20 44
000686: 24 44 3c 00 05 90 58 a4
00068e: 00 3a 60 44 28 44 1c 48
000696: 28 40 44 00 04 88 60 a0
00069e: 00 0e 38 1f 01 24 3c 5c
0006a6: 44 2c 44 1c 44 2c 44 48
0006ae: 00 03 80 68 9c 00 0e 38
0006b6: 1f 01 24 3c 5c 44 2c 48
0006be: 18 44 30 40 50 00 02 78
0006c6: 70 98 00 0e 38 1f 01 24
0006ce: 3c 58 44 34 44 14 44 34
0006d6: 40 5c fc 70 78 94 00 0e
0006de: 38 1f 01 24 3c 58 44 34
0006e6: 44 14 44 34 44 68 ec 6c
0006ee: 80 90 00 0e 38 1f 01 24
0006f6: 3c 58 40 3c 44 81 ff 38
0006fe: 3c 40 f8 60 64 88 8c 00
000706: 0e 38 1f 01 24 3c 54 44
00070e: 3c 44 e1 ff 38 3c 44 00
000716: 01 54 60 90 88 00 0e 38
00071e: 1f 01 24 3c 54 40 44 40
000726: e1 ff 34 44 40 00 03 50
00072e: 58 98 84 00 0e 38 1f 01
000736: 24 3c 50 44 44 8c 44 44
00073e: 00 03 4c 54 50 f9 ff 3a
000746: 7c 00 0e 38 1f 01 24 3c
00074e: 50 44 44 8c 44 44 00 03
000756: 4c 50 50 81 ff 42 78 00
00075e: 3a 50 40 4c 84 4c 40 00
000766: 04 48 4c 4c 18 50 74 40
00076e: 34 1f 01 24 84 38 1f 01
000776: 24 3c 4c 44 4c 84 4c 44
00077e: 00 03 48 48 4c 20 50 70
000786: 40 34 1f 01 24 84 38 1f
00078e: 01 24 3c 4c 40 54 7c 50
000796: 44 00 03 48 44 4c 28 50
00079e: 6c 40 34 1f 01 24 84 38
0007a6: 1f 01 24 3c 48 44 54 7c
0007ae: 54 40 00 02 4c 3c 50 30
0007b6: 50 68 40 34 1f 01 24 84
0007be: 38 1f 01 24 3c 48 40 58
0007c6: 78 58 44 00 01 4c 38 50
0007ce: 38 50 64 40 34 1f 01 24
0007d6: 84 38 1f 01 24 3c 44 44
0007de: 5c 74 5c 40 fc 4c 38 50
0007e6: 40 50 60 40 34 1f 01 24
0007ee: 84 38 1f 01 24 3c 44 40
0007f6: 60 70 60 44 f0 54 34 50
0007fe: 48 50 5c 40 34 1f 01 24
000806: 84 38 1f 01 24 3c 44 40
00080e: 64 6c 64 40 e4 60 30 50
000816: 54 4c 58 40 34 1f 01 24
00081e: 84 38 1f 01 24 3c 40 44
000826: 64 6c 64 00 21 30 50 5c
00082e: 4c 54 00 3a 40 40 6c 64
000836: 6c 00 20 2c 50 64 4c 50
00083e: 7c 34 1f 01 28 1f 01 24
000846: 1f 01 28 78 3c 44 6c 64
00084e: 6c 00 1f 2c 50 6c 4c 4c
000856: 7c 34 1f 01 28 1f 01 24
00085e: 1f 01 28 78 3c 40 70 60
000866: 70 00 1e 2c 50 74 4c 48
00086e: 7c 34 1f 01 28 1f 01 24
000876: 1f 01 28 78 38 44 74 5c
00087e: 74 00 1c 2c 50 7c 4e 40
000886: 7c 34 1f 01 28 1f 01 24
00088e: 1f 01 28 78 38 40 78 58
000896: 78 00 1b 2c 50 84 4e 3c
00089e: 7c 34 1f 01 28 1f 01 24
0008a6: 1f 01 28 78 38 40 7c 54
0008ae: 7c 00 19 2c 50 8c 50 38
0008b6: 7c 34 1f 01 28 1f 01 24
0008be: 1f 01 28 78 34 44 7c 54
0008c6: 7c 00 17 30 4c 98 50 34
0008ce: 7c 34 1f 01 28 1f 01 24
0008d6: 1f 01 28 78 34 40 80 50
0008de: 80 00 15 34 4c a0 50 30
0008e6: 7c 34 1f 01 28 1f 01 24
0008ee: 1f 01 28 78 30 44 84 4c
0008f6: 84 00 12 36 4c a8 50 2c
0008fe: 00 3a 30 40 88 48 88 00
000906: 10 38 50 b0 50 28 00 3a
00090e: 2c 44 8c 44 8c 00 0b 44
000916: 50 b8 50 24 00 3a 2c 40
00091e: 90 40 90 00 06 54 50 c0
000926: 50 20 00 3a 00 ee 00 3a
00092e: 00 ee 00 3a 00 ee 00 3a
000936: 00 ee 00 3a 00 ee 00 3a
00093e: 00 ee 00 3a 00 ee 00 3a
000946: 00 00 6a ff ff ff ff ff

[ALTBIOS_BOOT_LOGO_END ::]
	global label address: 0x00094e

<< label >>
ALTBIOS_BOOT_LOGO_END 2382 ( 0x94e )
ALTBIOS_BOOT_LOGO_START 334 ( 0x14e )
CALSLT 28 ( 0x1c )
CHGCPU 384 ( 0x180 )
EXIT_PROGRAM 331 ( 0x14b )
GETCPU 387 ( 0x183 )
MAIN_ROM_SLOT 64705 ( 0xfcc1 )
RDSLT 12 ( 0xc )
SKIP_FOR_MSX2_2P 328 ( 0x148 )
VERSION_ID 45 ( 0x2d )
_CHGCPU 318 ( 0x13e )
